Loading mpi version 2021.6.0
2D XY Model - Metropolis Monte Carlo
Lattice size:       16 x 16
Temperature range:  0.50 to 1.50 kBT/J
Temperature points: 21
MC sweeps:          2000
Burn-in sweeps:     500
Parallel walkers:   16
Angle step size:    0.7854 rad (45.0 deg)

T = 0.50 | <E>/N = -1.7304 | Cv/N = 0.6437 | Acceptance = 61.91%
T = 0.55 | <E>/N = -1.7009 | Cv/N = 0.6155 | Acceptance = 63.65%
T = 0.60 | <E>/N = -1.6601 | Cv/N = 0.7674 | Acceptance = 65.36%
T = 0.65 | <E>/N = -1.6324 | Cv/N = 0.8671 | Acceptance = 66.73%
T = 0.70 | <E>/N = -1.6047 | Cv/N = 0.6806 | Acceptance = 67.94%
T = 0.75 | <E>/N = -1.5644 | Cv/N = 0.8061 | Acceptance = 69.20%
T = 0.80 | <E>/N = -1.5289 | Cv/N = 0.8319 | Acceptance = 70.43%
T = 0.85 | <E>/N = -1.4822 | Cv/N = 1.0454 | Acceptance = 71.60%
T = 0.90 | <E>/N = -1.4325 | Cv/N = 1.1320 | Acceptance = 72.73%
T = 0.95 | <E>/N = -1.3847 | Cv/N = 1.1089 | Acceptance = 73.77%
T = 1.00 | <E>/N = -1.3320 | Cv/N = 1.1099 | Acceptance = 74.88%
T = 1.05 | <E>/N = -1.2611 | Cv/N = 1.3286 | Acceptance = 76.11%
T = 1.10 | <E>/N = -1.1910 | Cv/N = 1.2869 | Acceptance = 77.23%
T = 1.15 | <E>/N = -1.1236 | Cv/N = 1.2561 | Acceptance = 78.33%
T = 1.20 | <E>/N = -1.0553 | Cv/N = 1.2073 | Acceptance = 79.41%
T = 1.25 | <E>/N = -0.9986 | Cv/N = 1.1002 | Acceptance = 80.29%
T = 1.30 | <E>/N = -0.9477 | Cv/N = 1.0093 | Acceptance = 81.19%
T = 1.35 | <E>/N = -0.8946 | Cv/N = 0.8303 | Acceptance = 82.05%
T = 1.40 | <E>/N = -0.8548 | Cv/N = 0.8218 | Acceptance = 82.74%
T = 1.45 | <E>/N = -0.8093 | Cv/N = 0.6847 | Acceptance = 83.48%
T = 1.50 | <E>/N = -0.7815 | Cv/N = 0.6554 | Acceptance = 84.05%

Plots saved:
  xy_cv_vs_temperature.png
  xy_spin_correlation.png
  xy_energy_vs_temperature.png

 Performance counter stats for 'mpirun -np 16 /opt/software/anaconda/python-3.10.9/bin/python task4.py':

    15228035049770      cycles:u                                                              
    33108447825350      instructions:u                   #    2.17  insn per cycle            
         141382969      cache-misses:u                                                        

     407.379101652 seconds time elapsed

    6374.174734000 seconds user
      27.511881000 seconds sys


