Loading mpi version 2021.6.0
2D Ising Model - Metropolis Monte Carlo
Lattice size:       16 x 16
Temperature range:  1.00 to 3.00 kBT/J
Temperature points: 27
MC sweeps:          2000
Burn-in sweeps:     500
Parallel walkers:   16

Sanity check (ordered lattice):
  Expected energy: -512.0
  Computed energy: -512.0

--- Simulating L = 16 ---
T = 1.00, <E>/N = -1.967260, Cv/N = 0.642711, <|M|>/N = 0.916786
T = 1.20, <E>/N = -1.982239, Cv/N = 0.339853, <|M|>/N = 0.984124
T = 1.40, <E>/N = -1.968411, Cv/N = 0.141958, <|M|>/N = 0.991476
T = 1.60, <E>/N = -1.929014, Cv/N = 0.264416, <|M|>/N = 0.979902
T = 1.80, <E>/N = -1.859061, Cv/N = 0.426418, <|M|>/N = 0.956955
T = 1.85, <E>/N = -1.836377, Cv/N = 0.487845, <|M|>/N = 0.948547
T = 1.90, <E>/N = -1.810433, Cv/N = 0.564606, <|M|>/N = 0.938631
T = 1.95, <E>/N = -1.781236, Cv/N = 0.620634, <|M|>/N = 0.927695
T = 2.00, <E>/N = -1.743229, Cv/N = 0.765550, <|M|>/N = 0.907913
T = 2.05, <E>/N = -1.709689, Cv/N = 0.794679, <|M|>/N = 0.895584
T = 2.10, <E>/N = -1.667649, Cv/N = 0.897609, <|M|>/N = 0.874632
T = 2.15, <E>/N = -1.613059, Cv/N = 1.066977, <|M|>/N = 0.840550
T = 2.20, <E>/N = -1.562195, Cv/N = 1.189146, <|M|>/N = 0.808883
T = 2.25, <E>/N = -1.477878, Cv/N = 1.482349, <|M|>/N = 0.729824
T = 2.30, <E>/N = -1.421207, Cv/N = 1.557237, <|M|>/N = 0.687918
T = 2.35, <E>/N = -1.345710, Cv/N = 1.429692, <|M|>/N = 0.622563
T = 2.40, <E>/N = -1.250078, Cv/N = 1.302724, <|M|>/N = 0.510118
T = 2.45, <E>/N = -1.195192, Cv/N = 1.272116, <|M|>/N = 0.458827
T = 2.50, <E>/N = -1.132386, Cv/N = 1.029318, <|M|>/N = 0.388195
T = 2.55, <E>/N = -1.085473, Cv/N = 0.935631, <|M|>/N = 0.350268
T = 2.60, <E>/N = -1.038344, Cv/N = 0.754654, <|M|>/N = 0.301611
T = 2.65, <E>/N = -0.999568, Cv/N = 0.683616, <|M|>/N = 0.264713
T = 2.70, <E>/N = -0.969321, Cv/N = 0.648743, <|M|>/N = 0.251201
T = 2.75, <E>/N = -0.939388, Cv/N = 0.572653, <|M|>/N = 0.230280
T = 2.80, <E>/N = -0.908538, Cv/N = 0.525617, <|M|>/N = 0.212684
T = 2.90, <E>/N = -0.863180, Cv/N = 0.462578, <|M|>/N = 0.191148
T = 3.00, <E>/N = -0.818056, Cv/N = 0.405996, <|M|>/N = 0.176481

2D Ising Model - Metropolis Monte Carlo
Lattice size:       32 x 32
Temperature range:  1.00 to 3.00 kBT/J
Temperature points: 27
MC sweeps:          2000
Burn-in sweeps:     500
Parallel walkers:   16

Sanity check (ordered lattice):
  Expected energy: -2048.0
  Computed energy: -2048.0

--- Simulating L = 32 ---
T = 1.00, <E>/N = -1.935450, Cv/N = 0.584663, <|M|>/N = 0.724828
T = 1.20, <E>/N = -1.966661, Cv/N = 0.780908, <|M|>/N = 0.903186
T = 1.40, <E>/N = -1.932009, Cv/N = 0.645670, <|M|>/N = 0.834642
T = 1.60, <E>/N = -1.927101, Cv/N = 0.347244, <|M|>/N = 0.975949
T = 1.80, <E>/N = -1.851625, Cv/N = 0.798543, <|M|>/N = 0.931053
T = 1.85, <E>/N = -1.835402, Cv/N = 0.505117, <|M|>/N = 0.948112
T = 1.90, <E>/N = -1.808785, Cv/N = 0.569895, <|M|>/N = 0.937599
T = 1.95, <E>/N = -1.775153, Cv/N = 0.803575, <|M|>/N = 0.912787
T = 2.00, <E>/N = -1.736916, Cv/N = 0.907104, <|M|>/N = 0.883967
T = 2.05, <E>/N = -1.700685, Cv/N = 1.009442, <|M|>/N = 0.874047
T = 2.10, <E>/N = -1.665047, Cv/N = 0.911987, <|M|>/N = 0.871651
T = 2.15, <E>/N = -1.603208, Cv/N = 1.268438, <|M|>/N = 0.816880
T = 2.20, <E>/N = -1.546015, Cv/N = 1.366025, <|M|>/N = 0.783156
T = 2.25, <E>/N = -1.464730, Cv/N = 1.754609, <|M|>/N = 0.688265
T = 2.30, <E>/N = -1.381653, Cv/N = 1.767508, <|M|>/N = 0.580814
T = 2.35, <E>/N = -1.285612, Cv/N = 1.596050, <|M|>/N = 0.408718
T = 2.40, <E>/N = -1.213661, Cv/N = 1.304260, <|M|>/N = 0.314145
T = 2.45, <E>/N = -1.158759, Cv/N = 0.995471, <|M|>/N = 0.256031
T = 2.50, <E>/N = -1.105795, Cv/N = 0.834183, <|M|>/N = 0.203568
T = 2.55, <E>/N = -1.062499, Cv/N = 0.802337, <|M|>/N = 0.165868
T = 2.60, <E>/N = -1.030078, Cv/N = 0.708579, <|M|>/N = 0.150634
T = 2.65, <E>/N = -0.994321, Cv/N = 0.636217, <|M|>/N = 0.132161
T = 2.70, <E>/N = -0.963843, Cv/N = 0.599774, <|M|>/N = 0.123838
T = 2.75, <E>/N = -0.936220, Cv/N = 0.559455, <|M|>/N = 0.114680
T = 2.80, <E>/N = -0.908811, Cv/N = 0.515137, <|M|>/N = 0.106619
T = 2.90, <E>/N = -0.859906, Cv/N = 0.455030, <|M|>/N = 0.093868
T = 3.00, <E>/N = -0.817616, Cv/N = 0.399359, <|M|>/N = 0.084216

2D Ising Model - Metropolis Monte Carlo
Lattice size:       64 x 64
Temperature range:  1.00 to 3.00 kBT/J
Temperature points: 27
MC sweeps:          2000
Burn-in sweeps:     500
Parallel walkers:   16

Sanity check (ordered lattice):
  Expected energy: -8192.0
  Computed energy: -8192.0

--- Simulating L = 64 ---
T = 1.00, <E>/N = -1.976394, Cv/N = 0.210178, <|M|>/N = 0.761033
T = 1.20, <E>/N = -1.970240, Cv/N = 0.312182, <|M|>/N = 0.850427
T = 1.40, <E>/N = -1.941898, Cv/N = 0.410299, <|M|>/N = 0.789152
T = 1.60, <E>/N = -1.861136, Cv/N = 0.551859, <|M|>/N = 0.503759
T = 1.80, <E>/N = -1.795256, Cv/N = 1.069252, <|M|>/N = 0.529223
T = 1.85, <E>/N = -1.798402, Cv/N = 1.040085, <|M|>/N = 0.697641
T = 1.90, <E>/N = -1.784946, Cv/N = 1.497477, <|M|>/N = 0.814334
T = 1.95, <E>/N = -1.769197, Cv/N = 1.191249, <|M|>/N = 0.892966
T = 2.00, <E>/N = -1.705576, Cv/N = 1.277226, <|M|>/N = 0.681795
T = 2.05, <E>/N = -1.682008, Cv/N = 1.524824, <|M|>/N = 0.778968
T = 2.10, <E>/N = -1.609530, Cv/N = 1.447606, <|M|>/N = 0.554978
T = 2.15, <E>/N = -1.570967, Cv/N = 1.643286, <|M|>/N = 0.629615
T = 2.20, <E>/N = -1.508901, Cv/N = 1.858252, <|M|>/N = 0.600684
T = 2.25, <E>/N = -1.444693, Cv/N = 1.902510, <|M|>/N = 0.586182
T = 2.30, <E>/N = -1.347332, Cv/N = 1.649382, <|M|>/N = 0.393018
T = 2.35, <E>/N = -1.266156, Cv/N = 1.185745, <|M|>/N = 0.225323
T = 2.40, <E>/N = -1.205687, Cv/N = 1.068110, <|M|>/N = 0.154274
T = 2.45, <E>/N = -1.153134, Cv/N = 0.947612, <|M|>/N = 0.119640
T = 2.50, <E>/N = -1.106040, Cv/N = 0.863855, <|M|>/N = 0.096308
T = 2.55, <E>/N = -1.064940, Cv/N = 0.769889, <|M|>/N = 0.085729
T = 2.60, <E>/N = -1.028425, Cv/N = 0.702358, <|M|>/N = 0.078320
T = 2.65, <E>/N = -0.994647, Cv/N = 0.638686, <|M|>/N = 0.066767
T = 2.70, <E>/N = -0.963449, Cv/N = 0.605894, <|M|>/N = 0.062417
T = 2.75, <E>/N = -0.935601, Cv/N = 0.553010, <|M|>/N = 0.054603
T = 2.80, <E>/N = -0.907908, Cv/N = 0.515839, <|M|>/N = 0.054145
T = 2.90, <E>/N = -0.860627, Cv/N = 0.449970, <|M|>/N = 0.047939
T = 3.00, <E>/N = -0.817892, Cv/N = 0.409819, <|M|>/N = 0.041908


Saved plots:
ising_energy_vs_temperature_moretemps.png
ising_cv_vs_temperature_moretemps.png
ising_magnetisation_vs_temperature_moretemps.png

 Performance counter stats for 'mpirun -np 16 /opt/software/anaconda/python-3.10.9/bin/python -u task_3_changes.py':

   258085057165536      cycles:u                                                              
   566641576369634      instructions:u                   #    2.20  insn per cycle            
         161883190      cache-misses:u                                                        

    6317.673995007 seconds time elapsed

   99945.916409000 seconds user
     769.007156000 seconds sys


