Random spin lattice:
[[ 1  1  1 -1 -1  1 -1 -1]
 [-1 -1  1 -1  1 -1  1 -1]
 [ 1  1  1 -1  1 -1 -1  1]
 [ 1  1  1  1  1  1  1  1]
 [-1  1  1 -1  1 -1  1  1]
 [-1 -1 -1  1 -1  1 -1  1]
 [ 1 -1 -1  1 -1 -1 -1  1]
 [-1 -1  1 -1  1  1 -1 -1]]

Total energy: 4.0
Magnetisation: 4
Magnetisation per site: 0.062500
Energy per site; 0.062500
Ordered lattice test:
Total energy: -128.0
Magnetisation: 64

 Performance counter stats for 'python3 task1.py':

         333007827      cycles:u                                                              
         326867139      instructions:u                   #    0.98  insn per cycle            
           2232645      cache-misses:u                                                        

       1.057267179 seconds time elapsed

       0.129382000 seconds user
       0.055609000 seconds sys


